app/build/intermediates/manifest_merge_blame_file/debug/manifest-merger-blame-debug-report.txt
1<?xml version="1.0" encoding="utf-8"?>
2<manifest xmlns:android="http://schemas.android.com/apk/res/android"
3    package="com.example.rotations_app"
4    android:versionCode="1"
5    android:versionName="1.0" >
6
7    <uses-sdk
8        android:minSdkVersion="16"
9        android:targetSdkVersion="20" />
10
11    <uses-permission android:name="android.permission.WRITE_EXTERNAL_STORAGE" />
11-->[im.dino:dbinspector:3.4.1] AndroidManifest.xml:11:5-81
11-->[im.dino:dbinspector:3.4.1] AndroidManifest.xml:11:22-78
12
13    <application
13-->src/main/AndroidManifest.xml:4:5-52:19
14        android:allowBackup="true"
14-->src/main/AndroidManifest.xml:5:9-35
15        android:appComponentFactory="androidx.core.app.CoreComponentFactory"
15-->[androidx.core:core:1.3.2] AndroidManifest.xml:24:18-86
16        android:debuggable="true"
17        android:extractNativeLibs="true"
18        android:icon="@mipmap/ic_launcher"
18-->src/main/AndroidManifest.xml:6:9-43
19        android:label="@string/app_name"
19-->src/main/AndroidManifest.xml:7:9-41
20        android:roundIcon="@mipmap/ic_launcher_round"
20-->src/main/AndroidManifest.xml:8:9-54
21        android:supportsRtl="true"
21-->src/main/AndroidManifest.xml:9:9-35
22        android:testOnly="true"
23        android:theme="@style/Theme.Rotations_App" >
23-->src/main/AndroidManifest.xml:10:9-51
24        <activity android:name="com.example.rotations_app.Evaluation" />
24-->src/main/AndroidManifest.xml:12:9-47
24-->src/main/AndroidManifest.xml:12:19-45
25        <activity
25-->src/main/AndroidManifest.xml:13:9-16:58
26            android:name="com.example.rotations_app.AddUser"
26-->src/main/AndroidManifest.xml:14:13-36
27            android:label="@string/title_activity_add_user"
27-->src/main/AndroidManifest.xml:15:13-60
28            android:theme="@style/Theme.Rotations_App" />
28-->src/main/AndroidManifest.xml:16:13-55
29        <activity
29-->src/main/AndroidManifest.xml:17:9-20:58
30            android:name="com.example.rotations_app.Immediaterotation"
30-->src/main/AndroidManifest.xml:18:13-46
31            android:label="@string/title_activity_immediaterotation"
31-->src/main/AndroidManifest.xml:19:13-69
32            android:theme="@style/Theme.Rotations_App" />
32-->src/main/AndroidManifest.xml:20:13-55
33        <activity
33-->src/main/AndroidManifest.xml:21:9-24:58
34            android:name="com.example.rotations_app.Grund"
34-->src/main/AndroidManifest.xml:22:13-34
35            android:label="@string/title_activity_grund"
35-->src/main/AndroidManifest.xml:23:13-57
36            android:theme="@style/Theme.Rotations_App" />
36-->src/main/AndroidManifest.xml:24:13-55
37        <activity
37-->src/main/AndroidManifest.xml:25:9-28:58
38            android:name="com.example.rotations_app.Abstimmen"
38-->src/main/AndroidManifest.xml:26:13-38
39            android:label="@string/title_activity_abstimmen"
39-->src/main/AndroidManifest.xml:27:13-61
40            android:theme="@style/Theme.Rotations_App" />
40-->src/main/AndroidManifest.xml:28:13-55
41        <activity
41-->src/main/AndroidManifest.xml:29:9-32:58
42            android:name="com.example.rotations_app.Bewertungen"
42-->src/main/AndroidManifest.xml:30:13-40
43            android:label="@string/title_activity_bewertungen"
43-->src/main/AndroidManifest.xml:31:13-63
44            android:theme="@style/Theme.Rotations_App" />
44-->src/main/AndroidManifest.xml:32:13-55
45        <activity
45-->src/main/AndroidManifest.xml:33:9-36:58
46            android:name="com.example.rotations_app.NextRotation"
46-->src/main/AndroidManifest.xml:34:13-41
47            android:label="@string/title_activity_next_rotation"
47-->src/main/AndroidManifest.xml:35:13-65
48            android:theme="@style/Theme.Rotations_App" />
48-->src/main/AndroidManifest.xml:36:13-55
49        <activity
49-->src/main/AndroidManifest.xml:37:9-40:58
50            android:name="com.example.rotations_app.Menue"
50-->src/main/AndroidManifest.xml:38:13-34
51            android:label="@string/title_activity_menue"
51-->src/main/AndroidManifest.xml:39:13-57
52            android:theme="@style/Theme.Rotations_App" />
52-->src/main/AndroidManifest.xml:40:13-55
53        <activity
53-->src/main/AndroidManifest.xml:41:9-51:20
54            android:name="com.example.rotations_app.MainActivity"
54-->src/main/AndroidManifest.xml:42:13-41
55            android:label="@string/app_name"
55-->src/main/AndroidManifest.xml:43:13-45
56            android:screenOrientation="portrait"
56-->src/main/AndroidManifest.xml:44:13-49
57            android:theme="@style/Theme.Rotations_App.NoActionBar"
57-->src/main/AndroidManifest.xml:45:13-67
58            android:windowSoftInputMode="adjustResize" >
58-->src/main/AndroidManifest.xml:46:13-55
59            <intent-filter>
59-->src/main/AndroidManifest.xml:47:13-50:29
60                <action android:name="android.intent.action.MAIN" />
60-->src/main/AndroidManifest.xml:48:17-69
60-->src/main/AndroidManifest.xml:48:25-66
61
62                <category android:name="android.intent.category.LAUNCHER" />
62-->src/main/AndroidManifest.xml:49:17-77
62-->src/main/AndroidManifest.xml:49:27-74
63            </intent-filter>
64        </activity>
65        <activity
65-->[im.dino:dbinspector:3.4.1] AndroidManifest.xml:14:9-25:20
66            android:name="im.dino.dbinspector.activities.DbInspectorActivity"
66-->[im.dino:dbinspector:3.4.1] AndroidManifest.xml:15:13-78
67            android:icon="@drawable/dbinspector_ic_launcher"
67-->[im.dino:dbinspector:3.4.1] AndroidManifest.xml:16:13-61
68            android:label="@string/dbinspector_app_name"
68-->[im.dino:dbinspector:3.4.1] AndroidManifest.xml:17:13-57
69            android:taskAffinity="im.dino.dbinspector"
69-->[im.dino:dbinspector:3.4.1] AndroidManifest.xml:18:13-55
70            android:theme="@style/Theme.AppCompat.Light.DarkActionBar" >
70-->[im.dino:dbinspector:3.4.1] AndroidManifest.xml:19:13-71
71            <intent-filter>
71-->src/main/AndroidManifest.xml:47:13-50:29
72                <action android:name="android.intent.action.MAIN" />
72-->src/main/AndroidManifest.xml:48:17-69
72-->src/main/AndroidManifest.xml:48:25-66
73
74                <category android:name="android.intent.category.LAUNCHER" />
74-->src/main/AndroidManifest.xml:49:17-77
74-->src/main/AndroidManifest.xml:49:27-74
75            </intent-filter>
76        </activity>
77
78        <service
78-->[im.dino:dbinspector:3.4.1] AndroidManifest.xml:27:9-29:40
79            android:name="im.dino.dbinspector.services.CopyDbIntentService"
79-->[im.dino:dbinspector:3.4.1] AndroidManifest.xml:28:13-76
80            android:exported="false" />
80-->[im.dino:dbinspector:3.4.1] AndroidManifest.xml:29:13-37
81        <service
81-->[im.dino:dbinspector:3.4.1] AndroidManifest.xml:30:9-32:40
82            android:name="im.dino.dbinspector.services.ImportDbIntentService"
82-->[im.dino:dbinspector:3.4.1] AndroidManifest.xml:31:13-78
83            android:exported="false" />
83-->[im.dino:dbinspector:3.4.1] AndroidManifest.xml:32:13-37
84        <service
84-->[im.dino:dbinspector:3.4.1] AndroidManifest.xml:33:9-35:40
85            android:name="im.dino.dbinspector.services.ClearTableIntentService"
85-->[im.dino:dbinspector:3.4.1] AndroidManifest.xml:34:13-80
86            android:exported="false" />
86-->[im.dino:dbinspector:3.4.1] AndroidManifest.xml:35:13-37
87
88        <provider
88-->[im.dino:dbinspector:3.4.1] AndroidManifest.xml:37:9-41:50
89            android:name="im.dino.dbinspector.providers.DatabaseProvider"
89-->[im.dino:dbinspector:3.4.1] AndroidManifest.xml:38:13-74
90            android:authorities="dbInspector_com.example.rotations_app"
90-->[im.dino:dbinspector:3.4.1] AndroidManifest.xml:39:13-63
91            android:exported="false"
91-->[im.dino:dbinspector:3.4.1] AndroidManifest.xml:40:13-37
92            android:grantUriPermissions="true" />
92-->[im.dino:dbinspector:3.4.1] AndroidManifest.xml:41:13-47
93    </application>
94
95</manifest>